
> ursa-optional@0.10.2 rebuild
> node-gyp rebuild

Los proyectos de esta soluci¢n se van a compilar de uno en uno. Para habilitar la compilaci¢n en paralelo, agregue el modificador "-m".
  ursaNative.cc
C:\Users\jcord\Documents\Master_BC\PigCoins\node_modules\nan\nan_callbacks.h(55,23): error C2039: "AccessorSignature": no es un miembro de "v8" [C:\Users\jcord\Documents\Master_BC\PigCoins\node_modules\ursa-optional\build\ursaNative.vcxproj]
C:\Users\jcord\AppData\Local\node-gyp\Cache\20.5.0\include\node\v8.h(71): message : vea la declaraci¢n de 'v8' [C:\Users\jcord\Documents\Master_BC\PigCoins\node_modules\ursa-optional\build\ursaNative.vcxproj]
C:\Users\jcord\Documents\Master_BC\PigCoins\node_modules\nan\nan_callbacks.h(55,40): error C2065: 'AccessorSignature': identificador no declarado [C:\Users\jcord\Documents\Master_BC\PigCoins\node_modules\ursa-optional\build\ursaNative.vcxproj]
C:\Users\jcord\Documents\Master_BC\PigCoins\node_modules\nan\nan_callbacks.h(55,13): error C2923: 'v8::Local': 'AccessorSignature' no es un argumento de tipo de plantilla v lido para el par metro 'T' [C:\Users\jcord\Documents\Master_BC\PigCoins\node_modules\ursa-optional\build\ursaNative.vcxproj]
C:\Users\jcord\Documents\Master_BC\PigCoins\node_modules\nan\nan_callbacks.h(55,42): error C2641: no se pueden deducir los argumentos de plantilla para "v8::Local" [C:\Users\jcord\Documents\Master_BC\PigCoins\node_modules\ursa-optional\build\ursaNative.vcxproj]
C:\Users\jcord\Documents\Master_BC\PigCoins\node_modules\nan\nan.h(684,37): warning C4996: 'v8::Isolate::IdleNotificationDeadline': Use MemoryPressureNotification() to influence the GC schedule. [C:\Users\jcord\Documents\Master_BC\PigCoins\node_modules\ursa-optional\build\ursaNative.vcxproj]
C:\Users\jcord\Documents\Master_BC\PigCoins\node_modules\nan\nan.h(2518,14): error C2955: 'v8::Local': el uso de clase plantilla requiere una lista de argumentos de plantilla [C:\Users\jcord\Documents\Master_BC\PigCoins\node_modules\ursa-optional\build\ursaNative.vcxproj]
C:\Users\jcord\AppData\Local\node-gyp\Cache\20.5.0\include\node\v8-local-handle.h(190): message : vea la declaraci¢n de 'v8::Local' [C:\Users\jcord\Documents\Master_BC\PigCoins\node_modules\ursa-optional\build\ursaNative.vcxproj]
C:\Users\jcord\Documents\Master_BC\PigCoins\node_modules\nan\nan.h(2518,34): error C2641: no se pueden deducir los argumentos de plantilla para "v8::Local" [C:\Users\jcord\Documents\Master_BC\PigCoins\node_modules\ursa-optional\build\ursaNative.vcxproj]
C:\Users\jcord\Documents\Master_BC\PigCoins\node_modules\nan\nan.h(2518,36): error C2783: 'v8::Local<T> v8::Local(void)': no se pudo deducir el argumento de plantilla para 'T' [C:\Users\jcord\Documents\Master_BC\PigCoins\node_modules\ursa-optional\build\ursaNative.vcxproj]
C:\Users\jcord\AppData\Local\node-gyp\Cache\20.5.0\include\node\v8-local-handle.h(192): message : vea la declaraci¢n de 'v8::Local' [C:\Users\jcord\Documents\Master_BC\PigCoins\node_modules\ursa-optional\build\ursaNative.vcxproj]
C:\Users\jcord\Documents\Master_BC\PigCoins\node_modules\nan\nan.h(2518,36): error C2780: 'v8::Local<T> v8::Local(v8::Local<T>)': se esperan 1 argumentos; 0 proporcionados [C:\Users\jcord\Documents\Master_BC\PigCoins\node_modules\ursa-optional\build\ursaNative.vcxproj]
C:\Users\jcord\AppData\Local\node-gyp\Cache\20.5.0\include\node\v8-local-handle.h(190): message : vea la declaraci¢n de 'v8::Local' [C:\Users\jcord\Documents\Master_BC\PigCoins\node_modules\ursa-optional\build\ursaNative.vcxproj]
C:\Users\jcord\Documents\Master_BC\PigCoins\node_modules\nan\nan.h(2518,36): error C2512: 'v8::Local': no hay disponible un constructor predeterminado adecuado [C:\Users\jcord\Documents\Master_BC\PigCoins\node_modules\ursa-optional\build\ursaNative.vcxproj]
C:\Users\jcord\Documents\Master_BC\PigCoins\node_modules\nan\nan.h(2518,36): message : Ning£n constructor ha podido aceptar el tipo de origen o bien la resoluci¢n de sobrecarga del constructor era ambigua [C:\Users\jcord\Documents\Master_BC\PigCoins\node_modules\ursa-optional\build\ursaNative.vcxproj]
C:\Users\jcord\Documents\Master_BC\PigCoins\node_modules\nan\nan.h(2544,6): error C2664: 'void v8::ObjectTemplate::SetAccessor(v8::Local<v8::Name>,v8::AccessorNameGetterCallback,v8::AccessorNameSetterCallback,v8::Local<v8::Value>,v8::AccessControl,v8::PropertyAttribute,v8::SideEffectType,v8::SideEffectType)': el argumento 2 no puede convertirse de 'Nan::imp::NativeGetter' a 'v8::AccessorGetterCallback' [C:\Users\jcord\Documents\Master_BC\PigCoins\node_modules\ursa-optional\build\ursaNative.vcxproj]
C:\Users\jcord\Documents\Master_BC\PigCoins\node_modules\nan\nan.h(2546,7): message : Esta conversi¢n requiere reinterpret_cast, conversi¢n de estilo de C o conversi¢n de estilo de funci¢n [C:\Users\jcord\Documents\Master_BC\PigCoins\node_modules\ursa-optional\build\ursaNative.vcxproj]
C:\Users\jcord\AppData\Local\node-gyp\Cache\20.5.0\include\node\v8-template.h(809,8): message : vea la declaraci¢n de 'v8::ObjectTemplate::SetAccessor' [C:\Users\jcord\Documents\Master_BC\PigCoins\node_modules\ursa-optional\build\ursaNative.vcxproj]
C:\Users\jcord\Documents\Master_BC\PigCoins\node_modules\ursa-optional\src\ursaNative.cc(593,17): warning C4996: 'RSA_new': Since OpenSSL 3.0 [C:\Users\jcord\Documents\Master_BC\PigCoins\node_modules\ursa-optional\build\ursaNative.vcxproj]
C:\Users\jcord\Documents\Master_BC\PigCoins\node_modules\ursa-optional\src\ursaNative.cc(601,7): warning C4996: 'RSA_generate_key_ex': Since OpenSSL 3.0 [C:\Users\jcord\Documents\Master_BC\PigCoins\node_modules\ursa-optional\build\ursaNative.vcxproj]
C:\Users\jcord\Documents\Master_BC\PigCoins\node_modules\ursa-optional\src\ursaNative.cc(603,5): warning C4996: 'RSA_free': Since OpenSSL 3.0 [C:\Users\jcord\Documents\Master_BC\PigCoins\node_modules\ursa-optional\build\ursaNative.vcxproj]
C:\Users\jcord\Documents\Master_BC\PigCoins\node_modules\ursa-optional\src\ursaNative.cc(720,5): warning C4996: 'RSA_free': Since OpenSSL 3.0 [C:\Users\jcord\Documents\Master_BC\PigCoins\node_modules\ursa-optional\build\ursaNative.vcxproj]
C:\Users\jcord\Documents\Master_BC\PigCoins\node_modules\ursa-optional\src\ursaNative.cc(747,16): warning C4996: 'RSA_new': Since OpenSSL 3.0 [C:\Users\jcord\Documents\Master_BC\PigCoins\node_modules\ursa-optional\build\ursaNative.vcxproj]
C:\Users\jcord\Documents\Master_BC\PigCoins\node_modules\ursa-optional\src\ursaNative.cc(755,3): warning C4996: 'RSA_set0_key': Since OpenSSL 3.0 [C:\Users\jcord\Documents\Master_BC\PigCoins\node_modules\ursa-optional\build\ursaNative.vcxproj]
C:\Users\jcord\Documents\Master_BC\PigCoins\node_modules\ursa-optional\src\ursaNative.cc(773,5): warning C4996: 'RSA_get0_key': Since OpenSSL 3.0 [C:\Users\jcord\Documents\Master_BC\PigCoins\node_modules\ursa-optional\build\ursaNative.vcxproj]
C:\Users\jcord\Documents\Master_BC\PigCoins\node_modules\ursa-optional\src\ursaNative.cc(929,3): warning C4996: 'RSA_get0_key': Since OpenSSL 3.0 [C:\Users\jcord\Documents\Master_BC\PigCoins\node_modules\ursa-optional\build\ursaNative.vcxproj]
C:\Users\jcord\Documents\Master_BC\PigCoins\node_modules\ursa-optional\src\ursaNative.cc(950,3): warning C4996: 'RSA_get0_key': Since OpenSSL 3.0 [C:\Users\jcord\Documents\Master_BC\PigCoins\node_modules\ursa-optional\build\ursaNative.vcxproj]
C:\Users\jcord\Documents\Master_BC\PigCoins\node_modules\ursa-optional\src\ursaNative.cc(970,3): warning C4996: 'RSA_get0_key': Since OpenSSL 3.0 [C:\Users\jcord\Documents\Master_BC\PigCoins\node_modules\ursa-optional\build\ursaNative.vcxproj]
C:\Users\jcord\Documents\Master_BC\PigCoins\node_modules\ursa-optional\src\ursaNative.cc(1019,8): warning C4996: 'PEM_write_bio_RSAPrivateKey': Since OpenSSL 3.0 [C:\Users\jcord\Documents\Master_BC\PigCoins\node_modules\ursa-optional\build\ursaNative.vcxproj]
C:\Users\jcord\Documents\Master_BC\PigCoins\node_modules\ursa-optional\src\ursaNative.cc(1056,8): warning C4996: 'PEM_write_bio_RSA_PUBKEY': Since OpenSSL 3.0 [C:\Users\jcord\Documents\Master_BC\PigCoins\node_modules\ursa-optional\build\ursaNative.vcxproj]
C:\Users\jcord\Documents\Master_BC\PigCoins\node_modules\ursa-optional\src\ursaNative.cc(1102,19): warning C4996: 'RSA_size': Since OpenSSL 3.0 [C:\Users\jcord\Documents\Master_BC\PigCoins\node_modules\ursa-optional\build\ursaNative.vcxproj]
C:\Users\jcord\Documents\Master_BC\PigCoins\node_modules\ursa-optional\src\ursaNative.cc(1112,19): warning C4996: 'RSA_private_decrypt': Since OpenSSL 3.0 [C:\Users\jcord\Documents\Master_BC\PigCoins\node_modules\ursa-optional\build\ursaNative.vcxproj]
C:\Users\jcord\Documents\Master_BC\PigCoins\node_modules\ursa-optional\src\ursaNative.cc(1160,19): warning C4996: 'RSA_size': Since OpenSSL 3.0 [C:\Users\jcord\Documents\Master_BC\PigCoins\node_modules\ursa-optional\build\ursaNative.vcxproj]
C:\Users\jcord\Documents\Master_BC\PigCoins\node_modules\ursa-optional\src\ursaNative.cc(1170,13): warning C4996: 'RSA_private_encrypt': Since OpenSSL 3.0 [C:\Users\jcord\Documents\Master_BC\PigCoins\node_modules\ursa-optional\build\ursaNative.vcxproj]
C:\Users\jcord\Documents\Master_BC\PigCoins\node_modules\ursa-optional\src\ursaNative.cc(1217,19): warning C4996: 'RSA_size': Since OpenSSL 3.0 [C:\Users\jcord\Documents\Master_BC\PigCoins\node_modules\ursa-optional\build\ursaNative.vcxproj]
C:\Users\jcord\Documents\Master_BC\PigCoins\node_modules\ursa-optional\src\ursaNative.cc(1227,19): warning C4996: 'RSA_public_decrypt': Since OpenSSL 3.0 [C:\Users\jcord\Documents\Master_BC\PigCoins\node_modules\ursa-optional\build\ursaNative.vcxproj]
C:\Users\jcord\Documents\Master_BC\PigCoins\node_modules\ursa-optional\src\ursaNative.cc(1271,19): warning C4996: 'RSA_size': Since OpenSSL 3.0 [C:\Users\jcord\Documents\Master_BC\PigCoins\node_modules\ursa-optional\build\ursaNative.vcxproj]
C:\Users\jcord\Documents\Master_BC\PigCoins\node_modules\ursa-optional\src\ursaNative.cc(1281,13): warning C4996: 'RSA_public_encrypt': Since OpenSSL 3.0 [C:\Users\jcord\Documents\Master_BC\PigCoins\node_modules\ursa-optional\build\ursaNative.vcxproj]
C:\Users\jcord\Documents\Master_BC\PigCoins\node_modules\ursa-optional\src\ursaNative.cc(1335,16): warning C4996: 'PEM_read_bio_RSAPrivateKey': Since OpenSSL 3.0 [C:\Users\jcord\Documents\Master_BC\PigCoins\node_modules\ursa-optional\build\ursaNative.vcxproj]
C:\Users\jcord\Documents\Master_BC\PigCoins\node_modules\ursa-optional\src\ursaNative.cc(1381,14): warning C4996: 'PEM_read_bio_RSA_PUBKEY': Since OpenSSL 3.0 [C:\Users\jcord\Documents\Master_BC\PigCoins\node_modules\ursa-optional\build\ursaNative.vcxproj]
C:\Users\jcord\Documents\Master_BC\PigCoins\node_modules\ursa-optional\src\ursaNative.cc(1433,40): warning C4996: 'RSA_size': Since OpenSSL 3.0 [C:\Users\jcord\Documents\Master_BC\PigCoins\node_modules\ursa-optional\build\ursaNative.vcxproj]
C:\Users\jcord\Documents\Master_BC\PigCoins\node_modules\ursa-optional\src\ursaNative.cc(1437,13): warning C4996: 'RSA_sign': Since OpenSSL 3.0 [C:\Users\jcord\Documents\Master_BC\PigCoins\node_modules\ursa-optional\build\ursaNative.vcxproj]
C:\Users\jcord\Documents\Master_BC\PigCoins\node_modules\ursa-optional\src\ursaNative.cc(1512,13): warning C4996: 'RSA_verify': Since OpenSSL 3.0 [C:\Users\jcord\Documents\Master_BC\PigCoins\node_modules\ursa-optional\build\ursaNative.vcxproj]
C:\Users\jcord\Documents\Master_BC\PigCoins\node_modules\ursa-optional\src\ursaNative.cc(1593,41): warning C4996: 'RSA_size': Since OpenSSL 3.0 [C:\Users\jcord\Documents\Master_BC\PigCoins\node_modules\ursa-optional\build\ursaNative.vcxproj]
C:\Users\jcord\Documents\Master_BC\PigCoins\node_modules\ursa-optional\src\ursaNative.cc(1596,13): warning C4996: 'RSA_padding_add_PKCS1_PSS': Since OpenSSL 3.0 [C:\Users\jcord\Documents\Master_BC\PigCoins\node_modules\ursa-optional\build\ursaNative.vcxproj]
C:\Users\jcord\Documents\Master_BC\PigCoins\node_modules\ursa-optional\src\ursaNative.cc(1665,49): warning C4996: 'RSA_size': Since OpenSSL 3.0 [C:\Users\jcord\Documents\Master_BC\PigCoins\node_modules\ursa-optional\build\ursaNative.vcxproj]
C:\Users\jcord\Documents\Master_BC\PigCoins\node_modules\ursa-optional\src\ursaNative.cc(1683,13): warning C4996: 'RSA_verify_PKCS1_PSS': Since OpenSSL 3.0 [C:\Users\jcord\Documents\Master_BC\PigCoins\node_modules\ursa-optional\build\ursaNative.vcxproj]
C:\Users\jcord\Documents\Master_BC\PigCoins\node_modules\ursa-optional\src\ursaNative.cc(1721,14): warning C4996: 'RSA_new': Since OpenSSL 3.0 [C:\Users\jcord\Documents\Master_BC\PigCoins\node_modules\ursa-optional\build\ursaNative.vcxproj]
C:\Users\jcord\Documents\Master_BC\PigCoins\node_modules\ursa-optional\src\ursaNative.cc(1778,5): warning C4996: 'RSA_set0_key': Since OpenSSL 3.0 [C:\Users\jcord\Documents\Master_BC\PigCoins\node_modules\ursa-optional\build\ursaNative.vcxproj]
C:\Users\jcord\Documents\Master_BC\PigCoins\node_modules\ursa-optional\src\ursaNative.cc(1779,5): warning C4996: 'RSA_set0_factors': Since OpenSSL 3.0 [C:\Users\jcord\Documents\Master_BC\PigCoins\node_modules\ursa-optional\build\ursaNative.vcxproj]
C:\Users\jcord\Documents\Master_BC\PigCoins\node_modules\ursa-optional\src\ursaNative.cc(1780,5): warning C4996: 'RSA_set0_crt_params': Since OpenSSL 3.0 [C:\Users\jcord\Documents\Master_BC\PigCoins\node_modules\ursa-optional\build\ursaNative.vcxproj]
C:\Users\jcord\Documents\Master_BC\PigCoins\node_modules\ursa-optional\src\ursaNative.cc(1836,14): warning C4996: 'RSA_new': Since OpenSSL 3.0 [C:\Users\jcord\Documents\Master_BC\PigCoins\node_modules\ursa-optional\build\ursaNative.vcxproj]
C:\Users\jcord\Documents\Master_BC\PigCoins\node_modules\ursa-optional\src\ursaNative.cc(1857,5): warning C4996: 'RSA_set0_key': Since OpenSSL 3.0 [C:\Users\jcord\Documents\Master_BC\PigCoins\node_modules\ursa-optional\build\ursaNative.vcxproj]
